0 info it worked if it ends with ok
1 verbose cli [ 'C:\\Program Files\\nodejs\\node.exe',
1 verbose cli   'C:\\Program Files\\nodejs\\node_modules\\npm\\bin\\npm-cli.js',
1 verbose cli   'start' ]
2 info using npm@3.8.6
3 info using node@v6.0.0
4 verbose run-script [ 'prestart', 'start', 'poststart' ]
5 info lifecycle SharePlatform@1.0.0~prestart: SharePlatform@1.0.0
6 silly lifecycle SharePlatform@1.0.0~prestart: no script for prestart, continuing
7 info lifecycle SharePlatform@1.0.0~start: SharePlatform@1.0.0
8 verbose lifecycle SharePlatform@1.0.0~start: unsafe-perm in lifecycle true
9 verbose lifecycle SharePlatform@1.0.0~start: PATH: C:\Program Files\nodejs\node_modules\npm\bin\node-gyp-bin;D:\00_Program\SideProject\SharePlatform\node_modules\.bin;C:\Program Files\nodejs;C:\Program Files\Git\cmd;C:\ProgramData\Oracle\Java\javapath;C:\oracle\product\11.2.0\client\bin;C:\Program Files (x86)\Iona\bin;\bin;C:\Program Files (x86)\Iona\COMet\bin;C:\Iona\bin;C:\Iona\tools\jre\bin;C:\Iona\COMet\bin;C:\oracle\product\10.1.0\Client_1\bin;C:\oracle\product\10.1.0\Client_1\jre\1.4.2\bin\client;C:\oracle\product\10.1.0\Client_1\jre\1.4.2\bin;C:\Windows\system32;C:\Windows;C:\Windows\System32\Wbem;C:\Windows\System32\WindowsPowerShell\v1.0\;I:\orant\bin;C:\PROGRA~1\IBM\SQLLIB\BIN;C:\PROGRA~1\IBM\SQLLIB\FUNCTION;C:\Program Files (x86)\Microsoft SQL Server\100\Tools\Binn\;C:\Program Files\Microsoft SQL Server\100\Tools\Binn\;C:\Program Files\Microsoft SQL Server\100\DTS\Binn\;C:\Program Files (x86)\Microsoft SQL Server\100\Tools\Binn\VSShell\Common7\IDE\;C:\Program Files (x86)\Microsoft Visual Studio 9.0\Common7\IDE\PrivateAssemblies\;C:\Program Files (x86)\Microsoft SQL Server\100\DTS\Binn\;C:\Program Files\TortoiseSVN\bin;C:\Program Files (x86)\Windows Imaging\;C:\Program Files\Git\cmd;C:\Ruby22-x64\bin;C:\Python27;C:\Program Files\nodejs\;C:\Users\N81101\AppData\Roaming\npm
10 verbose lifecycle SharePlatform@1.0.0~start: CWD: D:\00_Program\SideProject\SharePlatform
11 silly lifecycle SharePlatform@1.0.0~start: Args: [ '/d /s /c', 'node server/app.js' ]
12 silly lifecycle SharePlatform@1.0.0~start: Returned: code: 1  signal: null
13 info lifecycle SharePlatform@1.0.0~start: Failed to exec start script
14 verbose stack Error: SharePlatform@1.0.0 start: `node server/app.js`
14 verbose stack Exit status 1
14 verbose stack     at EventEmitter.<anonymous> (C:\Program Files\nodejs\node_modules\npm\lib\utils\lifecycle.js:239:16)
14 verbose stack     at emitTwo (events.js:106:13)
14 verbose stack     at EventEmitter.emit (events.js:191:7)
14 verbose stack     at ChildProcess.<anonymous> (C:\Program Files\nodejs\node_modules\npm\lib\utils\spawn.js:24:14)
14 verbose stack     at emitTwo (events.js:106:13)
14 verbose stack     at ChildProcess.emit (events.js:191:7)
14 verbose stack     at maybeClose (internal/child_process.js:850:16)
14 verbose stack     at Process.ChildProcess._handle.onexit (internal/child_process.js:215:5)
15 verbose pkgid SharePlatform@1.0.0
16 verbose cwd D:\00_Program\SideProject\SharePlatform
17 error Windows_NT 6.1.7601
18 error argv "C:\\Program Files\\nodejs\\node.exe" "C:\\Program Files\\nodejs\\node_modules\\npm\\bin\\npm-cli.js" "start"
19 error node v6.0.0
20 error npm  v3.8.6
21 error code ELIFECYCLE
22 error SharePlatform@1.0.0 start: `node server/app.js`
22 error Exit status 1
23 error Failed at the SharePlatform@1.0.0 start script 'node server/app.js'.
23 error Make sure you have the latest version of node.js and npm installed.
23 error If you do, this is most likely a problem with the SharePlatform package,
23 error not with npm itself.
23 error Tell the author that this fails on your system:
23 error     node server/app.js
23 error You can get information on how to open an issue for this project with:
23 error     npm bugs SharePlatform
23 error Or if that isn't available, you can get their info via:
23 error     npm owner ls SharePlatform
23 error There is likely additional logging output above.
24 verbose exit [ 1, true ]
